Using pre-set license
Built from '2021.3/staging' branch; Version is '2021.3.19f1 (c9714fde33b6) revision 13201743'; Using compiler version '192829333'; Build Type 'Release'
OS: 'Windows 10  (10.0.19045) 64bit Professional' Language: 'en' Physical Memory: 16293 MB
BatchMode: 1, IsHumanControllingUs: 0, StartBugReporterOnCrash: 0, Is64bit: 1, IsPro: 1

COMMAND LINE ARGUMENTS:
C:\Program Files\Unity\Hub\Editor\2021.3.19f1\Editor\Unity.exe
-adb2
-batchMode
-noUpm
-name
AssetImportWorker4
-projectPath
C:/Users/askan/Downloads/ALL GAMES HERE/EarthlyCrush_09/Earthly-Crush-master
-logFile
Logs/AssetImportWorker4.log
-srvPort
49881
Successfully changed project path to: C:/Users/askan/Downloads/ALL GAMES HERE/EarthlyCrush_09/Earthly-Crush-master
C:/Users/askan/Downloads/ALL GAMES HERE/EarthlyCrush_09/Earthly-Crush-master
[UnityMemory] Configuration Parameters - Can be set up in boot.config
    "memorysetup-bucket-allocator-granularity=16"
    "memorysetup-bucket-allocator-bucket-count=8"
    "memorysetup-bucket-allocator-block-size=33554432"
    "memorysetup-bucket-allocator-block-count=8"
    "memorysetup-main-allocator-block-size=16777216"
    "memorysetup-thread-allocator-block-size=16777216"
    "memorysetup-gfx-main-allocator-block-size=16777216"
    "memorysetup-gfx-thread-allocator-block-size=16777216"
    "memorysetup-cache-allocator-block-size=4194304"
    "memorysetup-typetree-allocator-block-size=2097152"
    "memorysetup-profiler-bucket-allocator-granularity=16"
    "memorysetup-profiler-bucket-allocator-bucket-count=8"
    "memorysetup-profiler-bucket-allocator-block-size=33554432"
    "memorysetup-profiler-bucket-allocator-block-count=8"
    "memorysetup-profiler-allocator-block-size=16777216"
    "memorysetup-profiler-editor-allocator-block-size=1048576"
    "memorysetup-temp-allocator-size-main=16777216"
    "memorysetup-job-temp-allocator-block-size=2097152"
    "memorysetup-job-temp-allocator-block-size-background=1048576"
    "memorysetup-job-temp-allocator-reduction-small-platforms=262144"
    "memorysetup-temp-allocator-size-background-worker=32768"
    "memorysetup-temp-allocator-size-job-worker=262144"
    "memorysetup-temp-allocator-size-preload-manager=33554432"
    "memorysetup-temp-allocator-size-nav-mesh-worker=65536"
    "memorysetup-temp-allocator-size-audio-worker=65536"
    "memorysetup-temp-allocator-size-cloud-worker=32768"
    "memorysetup-temp-allocator-size-gi-baking-worker=262144"
    "memorysetup-temp-allocator-size-gfx=262144"
Player connection [9532] Host "[IP] 192.168.0.121 [Port] 0 [Flags] 2 [Guid] 2295609014 [EditorId] 2295609014 [Version] 1048832 [Id] WindowsEditor(7,DESKTOP-M19T450) [Debug] 1 [PackageName] WindowsEditor [ProjectName] Editor" joined multi-casting on [225.0.0.222:54997]...

Player connection [9532] Host "[IP] 192.168.0.121 [Port] 0 [Flags] 2 [Guid] 2295609014 [EditorId] 2295609014 [Version] 1048832 [Id] WindowsEditor(7,DESKTOP-M19T450) [Debug] 1 [PackageName] WindowsEditor [ProjectName] Editor" joined alternative multi-casting on [225.0.0.222:34997]...

Refreshing native plugins compatible for Editor in 641.97 ms, found 3 plugins.
Preloading 0 native plugins for Editor in 0.00 ms.
Initialize engine version: 2021.3.19f1 (c9714fde33b6)
[Subsystems] Discovering subsystems at path C:/Program Files/Unity/Hub/Editor/2021.3.19f1/Editor/Data/Resources/UnitySubsystems
[Subsystems] Discovering subsystems at path C:/Users/askan/Downloads/ALL GAMES HERE/EarthlyCrush_09/Earthly-Crush-master/Assets
GfxDevice: creating device client; threaded=0; jobified=0
Direct3D:
    Version:  Direct3D 11.0 [level 11.1]
    Renderer: Intel(R) HD Graphics Family (ID=0xa16)
    Vendor:   Intel
    VRAM:     2048 MB
    Driver:   20.19.15.5126
Initialize mono
Mono path[0] = 'C:/Program Files/Unity/Hub/Editor/2021.3.19f1/Editor/Data/Managed'
Mono path[1] = 'C:/Program Files/Unity/Hub/Editor/2021.3.19f1/Editor/Data/MonoBleedingEdge/lib/mono/unityjit-win32'
Mono config path = 'C:/Program Files/Unity/Hub/Editor/2021.3.19f1/Editor/Data/MonoBleedingEdge/etc'
Using monoOptions --debugger-agent=transport=dt_socket,embedding=1,server=y,suspend=n,address=127.0.0.1:56772
Begin MonoManager ReloadAssembly
Registering precompiled unity dll's ...
Register platform support module: C:/Program Files/Unity/Hub/Editor/2021.3.19f1/Editor/Data/PlaybackEngines/WindowsStandaloneSupport/UnityEditor.WindowsStandalone.Extensions.dll
Registered in 0.020495 seconds.
Native extension for WindowsStandalone target not found
Refreshing native plugins compatible for Editor in 111.72 ms, found 3 plugins.
Preloading 0 native plugins for Editor in 0.00 ms.
Mono: successfully reloaded assembly
- Completed reload, in  1.543 seconds
Domain Reload Profiling:
	ReloadAssembly (1560ms)
		BeginReloadAssembly (148ms)
			ExecutionOrderSort (0ms)
			DisableScriptedObjects (0ms)
			BackupInstance (0ms)
			ReleaseScriptingObjects (0ms)
			CreateAndSetChildDomain (2ms)
		EndReloadAssembly (1101ms)
			LoadAssemblies (143ms)
			RebuildTransferFunctionScriptingTraits (0ms)
			SetupTypeCache (270ms)
			ReleaseScriptCaches (0ms)
			RebuildScriptCaches (52ms)
			SetupLoadedEditorAssemblies (609ms)
				LogAssemblyErrors (0ms)
				InitializePlatformSupportModulesInManaged (16ms)
				SetLoadedEditorAssemblies (0ms)
				RefreshPlugins (112ms)
				BeforeProcessingInitializeOnLoad (2ms)
				ProcessInitializeOnLoadAttributes (261ms)
				ProcessInitializeOnLoadMethodAttributes (218ms)
				AfterProcessingInitializeOnLoad (0ms)
				EditorAssembliesLoaded (0ms)
			ExecutionOrderSort2 (0ms)
			AwakeInstancesAfterBackupRestoration (0ms)
Platform modules already initialized, skipping
Registering precompiled user dll's ...
Registered in 0.048514 seconds.
Begin MonoManager ReloadAssembly
Symbol file LoadedFromMemory doesn't match image C:\Users\askan\Downloads\ALL GAMES HERE\EarthlyCrush_09\Earthly-Crush-master\Library\PackageCache\com.unity.visualscripting@1.8.0\Editor\VisualScripting.Core\Dependencies\YamlDotNet\Unity.VisualScripting.YamlDotNet.dll
Symbol file LoadedFromMemory doesn't match image C:\Users\askan\Downloads\ALL GAMES HERE\EarthlyCrush_09\Earthly-Crush-master\Library\PackageCache\com.unity.visualscripting@1.8.0\Editor\VisualScripting.Core\Dependencies\DotNetZip\Unity.VisualScripting.IonicZip.dll
Native extension for WindowsStandalone target not found
Refreshing native plugins compatible for Editor in 0.96 ms, found 3 plugins.
Preloading 0 native plugins for Editor in 0.00 ms.
Mono: successfully reloaded assembly
- Completed reload, in  1.907 seconds
Domain Reload Profiling:
	ReloadAssembly (1909ms)
		BeginReloadAssembly (244ms)
			ExecutionOrderSort (0ms)
			DisableScriptedObjects (14ms)
			BackupInstance (0ms)
			ReleaseScriptingObjects (0ms)
			CreateAndSetChildDomain (32ms)
		EndReloadAssembly (1436ms)
			LoadAssemblies (182ms)
			RebuildTransferFunctionScriptingTraits (0ms)
			SetupTypeCache (433ms)
			ReleaseScriptCaches (1ms)
			RebuildScriptCaches (87ms)
			SetupLoadedEditorAssemblies (626ms)
				LogAssemblyErrors (0ms)
				InitializePlatformSupportModulesInManaged (11ms)
				SetLoadedEditorAssemblies (1ms)
				RefreshPlugins (1ms)
				BeforeProcessingInitializeOnLoad (121ms)
				ProcessInitializeOnLoadAttributes (421ms)
				ProcessInitializeOnLoadMethodAttributes (45ms)
				AfterProcessingInitializeOnLoad (26ms)
				EditorAssembliesLoaded (0ms)
			ExecutionOrderSort2 (0ms)
			AwakeInstancesAfterBackupRestoration (12ms)
Platform modules already initialized, skipping
========================================================================
Worker process is ready to serve import requests
Launched and connected shader compiler UnityShaderCompiler.exe after 0.11 seconds
Refreshing native plugins compatible for Editor in 1.05 ms, found 3 plugins.
Preloading 0 native plugins for Editor in 0.00 ms.
Unloading 2976 Unused Serialized files (Serialized files now loaded: 0)
Unloading 23 unused Assets / (48.0 KB). Loaded Objects now: 3441.
Memory consumption went from 105.6 MB to 105.5 MB.
Total: 4.592400 ms (FindLiveObjects: 0.511400 ms CreateObjectMapping: 0.405600 ms MarkObjects: 3.556200 ms  DeleteObjects: 0.116900 ms)

AssetImportParameters requested are different than current active one (requested -> active):
  custom:video-decoder-ogg-theora: a1e56fd34408186e4bbccfd4996cb3dc -> 
  custom:container-muxer-webm: aa71ff27fc2769a1b78a27578f13a17b -> 
  custom:container-demuxer-webm: 4f35f7cbe854078d1ac9338744f61a02 -> 
  custom:video-encoder-webm-vp8: eb34c28f22e8b96e1ab97ce403110664 -> 
  custom:audio-encoder-webm-vorbis: bf7c407c2cedff20999df2af8eb42d56 -> 
  custom:framework-win-MediaFoundation: 216162199b28c13a410421893ffa2e32 -> 
  custom:container-demuxer-ogg: 62fdf1f143b41e24485cea50d1cbac27 -> 
  custom:video-decoder-webm-vp8: 9c59270c3fd7afecdb556c50c9e8de78 -> 
  custom:audio-decoder-ogg-vorbis: bf7c407c2cedff20999df2af8eb42d56 -> 
========================================================================
Received Import Request.
  Time since last request: 1055782.122666 seconds.
  path: Assets/Sprites/Animations
  artifactKey: Guid(487d53777636e4d409c39143fcd19a77) Importer(815301076,1909f56bfc062723c751e8b465ee728b)
Start importing Assets/Sprites/Animations using Guid(487d53777636e4d409c39143fcd19a77) Importer(815301076,1909f56bfc062723c751e8b465ee728b)  -> (artifact id: 'a673499b81e30fe92f306dccc77f457b') in 0.028162 seconds 
========================================================================
Received Import Request.
  Time since last request: 15.912801 seconds.
  path: Packages/com.unity.collab-proxy/Editor/PlasticSCM/Assets/Images/d_iconconflictresolvedoverlay.png
  artifactKey: Guid(056ee72c467a4e24d87541d42839ca72) Importer(815301076,1909f56bfc062723c751e8b465ee728b)
Start importing Packages/com.unity.collab-proxy/Editor/PlasticSCM/Assets/Images/d_iconconflictresolvedoverlay.png using Guid(056ee72c467a4e24d87541d42839ca72) Importer(815301076,1909f56bfc062723c751e8b465ee728b)  -> (artifact id: 'a83a233365ad8b200d2497000fb3df13') in 0.249802 seconds 
========================================================================
Received Import Request.
  Time since last request: 0.000046 seconds.
  path: Packages/com.unity.collab-proxy/Editor/PlasticSCM/Assets/Images/iconconflictresolvedoverlay@2x.png
  artifactKey: Guid(309b1d5a294fd6c43ae9cf77656c1852) Importer(815301076,1909f56bfc062723c751e8b465ee728b)
Start importing Packages/com.unity.collab-proxy/Editor/PlasticSCM/Assets/Images/iconconflictresolvedoverlay@2x.png using Guid(309b1d5a294fd6c43ae9cf77656c1852) Importer(815301076,1909f56bfc062723c751e8b465ee728b)  -> (artifact id: '5b0840522f485181975431f5788ef20e') in 0.066102 seconds 
========================================================================
Received Import Request.
  Time since last request: 2.881121 seconds.
  path: Packages/com.unity.collab-proxy/Editor/PlasticSCM/Assets/Images/d_cloudbuhochristmas.png
  artifactKey: Guid(70632ddfe8e71b04b8f90ef7e29a9e98) Importer(815301076,1909f56bfc062723c751e8b465ee728b)
Start importing Packages/com.unity.collab-proxy/Editor/PlasticSCM/Assets/Images/d_cloudbuhochristmas.png using Guid(70632ddfe8e71b04b8f90ef7e29a9e98) Importer(815301076,1909f56bfc062723c751e8b465ee728b)  -> (artifact id: 'd4aa947bdddb7d7b2a1e9aebd21cc889') in 0.160855 seconds 
========================================================================
Received Import Request.
  Time since last request: 0.000080 seconds.
  path: Packages/com.unity.collab-proxy/Editor/PlasticSCM/Assets/Images/d_genericbuhochristmas3.png
  artifactKey: Guid(6fac4e39926fd9c4ca2ba4416160a857) Importer(815301076,1909f56bfc062723c751e8b465ee728b)
Start importing Packages/com.unity.collab-proxy/Editor/PlasticSCM/Assets/Images/d_genericbuhochristmas3.png using Guid(6fac4e39926fd9c4ca2ba4416160a857) Importer(815301076,1909f56bfc062723c751e8b465ee728b)  -> (artifact id: 'fad4ff77c8322647e7fcaa85b84cf0f0') in 0.218112 seconds 
========================================================================
Received Import Request.
  Time since last request: 0.000382 seconds.
  path: Packages/com.unity.collab-proxy/Editor/PlasticSCM/Assets/Images/d_genericbuhochristmas1.png
  artifactKey: Guid(e36d1a38d7aa309409e80bf66a089330) Importer(815301076,1909f56bfc062723c751e8b465ee728b)
Start importing Packages/com.unity.collab-proxy/Editor/PlasticSCM/Assets/Images/d_genericbuhochristmas1.png using Guid(e36d1a38d7aa309409e80bf66a089330) Importer(815301076,1909f56bfc062723c751e8b465ee728b)  -> (artifact id: '9e486db44eb50886e2800976c86415d1') in 0.138414 seconds 
========================================================================
Received Import Request.
  Time since last request: 0.000026 seconds.
  path: Packages/com.unity.collab-proxy/Editor/PlasticSCM/Assets/Images/d_iconaddedlocal.png
  artifactKey: Guid(0c6a2a64ca9f9c946a7dbbd1674cf5bd) Importer(815301076,1909f56bfc062723c751e8b465ee728b)
Start importing Packages/com.unity.collab-proxy/Editor/PlasticSCM/Assets/Images/d_iconaddedlocal.png using Guid(0c6a2a64ca9f9c946a7dbbd1674cf5bd) Importer(815301076,1909f56bfc062723c751e8b465ee728b)  -> (artifact id: 'faddfec842631d56bffce51f8e8e7d4f') in 0.071816 seconds 
========================================================================
Received Import Request.
  Time since last request: 1.703215 seconds.
  path: Packages/com.unity.collab-proxy/Editor/PlasticSCM/Assets/Images/buttonssosigninemail.png
  artifactKey: Guid(d24e7e0b75e1a244bb9687d6fd4315ef) Importer(815301076,1909f56bfc062723c751e8b465ee728b)
Start importing Packages/com.unity.collab-proxy/Editor/PlasticSCM/Assets/Images/buttonssosigninemail.png using Guid(d24e7e0b75e1a244bb9687d6fd4315ef) Importer(815301076,1909f56bfc062723c751e8b465ee728b)  -> (artifact id: '30abddd46bf1a72ea94e13bcce636ec4') in 0.057584 seconds 
========================================================================
Received Import Request.
  Time since last request: 0.000028 seconds.
  path: Packages/com.unity.collab-proxy/Editor/PlasticSCM/Assets/Images/buttonssosigninunity.png
  artifactKey: Guid(f9161c6c9e06dc445ada3ee16d991f90) Importer(815301076,1909f56bfc062723c751e8b465ee728b)
Start importing Packages/com.unity.collab-proxy/Editor/PlasticSCM/Assets/Images/buttonssosigninunity.png using Guid(f9161c6c9e06dc445ada3ee16d991f90) Importer(815301076,1909f56bfc062723c751e8b465ee728b)  -> (artifact id: '223b2efe1254519b4a9f9f8a9a7c5a72') in 0.100334 seconds 
========================================================================
Received Import Request.
  Time since last request: 0.000038 seconds.
  path: Packages/com.unity.collab-proxy/Editor/PlasticSCM/Assets/Images/buttonssosigningoogle.png
  artifactKey: Guid(f09eae8c0ea04254b90c5386a034a225) Importer(815301076,1909f56bfc062723c751e8b465ee728b)
Start importing Packages/com.unity.collab-proxy/Editor/PlasticSCM/Assets/Images/buttonssosigningoogle.png using Guid(f09eae8c0ea04254b90c5386a034a225) Importer(815301076,1909f56bfc062723c751e8b465ee728b)  -> (artifact id: 'eb0115b4a1d3df87f3c1d839793cfe85') in 0.072910 seconds 
========================================================================
Received Import Request.
  Time since last request: 6.086019 seconds.
  path: Assets/Sprites/tidal.png
  artifactKey: Guid(e19855405cd06c84ab208d83abb824b8) Importer(815301076,1909f56bfc062723c751e8b465ee728b)
Start importing Assets/Sprites/tidal.png using Guid(e19855405cd06c84ab208d83abb824b8) Importer(815301076,1909f56bfc062723c751e8b465ee728b)  -> (artifact id: 'd13b511b22f963e9aa1cb803917732ba') in 0.062598 seconds 
========================================================================
Received Import Request.
  Time since last request: 0.103642 seconds.
  path: Assets/Sprites/wrappedtrans_orange.png
  artifactKey: Guid(a0d25811b41dc5e4aa886c2335c0dc4e) Importer(815301076,1909f56bfc062723c751e8b465ee728b)
Start importing Assets/Sprites/wrappedtrans_orange.png using Guid(a0d25811b41dc5e4aa886c2335c0dc4e) Importer(815301076,1909f56bfc062723c751e8b465ee728b)  -> (artifact id: 'f0672783398dd4a6b19203dec3ee6f3b') in 0.158966 seconds 
========================================================================
Received Import Request.
  Time since last request: 0.000040 seconds.
  path: Assets/Sprites/wrappedtrans_yellow.png
  artifactKey: Guid(cbe1254909394e4408dcccada56381ec) Importer(815301076,1909f56bfc062723c751e8b465ee728b)
Start importing Assets/Sprites/wrappedtrans_yellow.png using Guid(cbe1254909394e4408dcccada56381ec) Importer(815301076,1909f56bfc062723c751e8b465ee728b)  -> (artifact id: 'ebbbb53017a936a201b93dd5c9f935e1') in 0.192747 seconds 
========================================================================
Received Import Request.
  Time since last request: 12.359625 seconds.
  path: Assets/Prefabs/bean_blue.prefab
  artifactKey: Guid(110002167b804ad47947089afdb9dc96) Importer(815301076,1909f56bfc062723c751e8b465ee728b)
Start importing Assets/Prefabs/bean_blue.prefab using Guid(110002167b804ad47947089afdb9dc96) Importer(815301076,1909f56bfc062723c751e8b465ee728b)  -> (artifact id: '0b42884e9600c5f6e29608d2c4b5fbc3') in 0.102105 seconds 
========================================================================
Received Import Request.
  Time since last request: 61.043483 seconds.
  path: Assets/Sprites/rain.png
  artifactKey: Guid(efa945acb858749418d9ffe0bf5aaab1) Importer(815301076,1909f56bfc062723c751e8b465ee728b)
Start importing Assets/Sprites/rain.png using Guid(efa945acb858749418d9ffe0bf5aaab1) Importer(815301076,1909f56bfc062723c751e8b465ee728b)  -> (artifact id: '4d9c606e9d7c86daa1185d8e8af94eda') in 0.028098 seconds 
========================================================================
Received Import Request.
  Time since last request: 1.502006 seconds.
  path: Assets/Prefabs/bean_purple.prefab
  artifactKey: Guid(afa6b0eba9a9e794080048baed797d27) Importer(815301076,1909f56bfc062723c751e8b465ee728b)
Start importing Assets/Prefabs/bean_purple.prefab using Guid(afa6b0eba9a9e794080048baed797d27) Importer(815301076,1909f56bfc062723c751e8b465ee728b)  -> (artifact id: '8a52e6419429366018a1686c40f06f7a') in 0.046782 seconds 
========================================================================
Received Import Request.
  Time since last request: 175.426965 seconds.
  path: Packages/com.unity.collab-proxy/Editor/PlasticSCM/Assets/Images/d_buttonssosigninemail@2x.png
  artifactKey: Guid(144aa74618b85974a9a50f612c2fa8fd) Importer(815301076,1909f56bfc062723c751e8b465ee728b)
Start importing Packages/com.unity.collab-proxy/Editor/PlasticSCM/Assets/Images/d_buttonssosigninemail@2x.png using Guid(144aa74618b85974a9a50f612c2fa8fd) Importer(815301076,1909f56bfc062723c751e8b465ee728b)  -> (artifact id: '4d43fa9bf649b34a91e8c5e0872af9d8') in 0.044206 seconds 
========================================================================
Received Import Request.
  Time since last request: 0.000029 seconds.
  path: Packages/com.unity.collab-proxy/Editor/PlasticSCM/Assets/Images/d_cloudbuhoshechristmas.png
  artifactKey: Guid(9c0d6ec706e01ce448aea81584af092b) Importer(815301076,1909f56bfc062723c751e8b465ee728b)
Start importing Packages/com.unity.collab-proxy/Editor/PlasticSCM/Assets/Images/d_cloudbuhoshechristmas.png using Guid(9c0d6ec706e01ce448aea81584af092b) Importer(815301076,1909f56bfc062723c751e8b465ee728b)  -> (artifact id: '94da651833f82e19c5bba54a94613ad9') in 0.083294 seconds 
========================================================================
Received Import Request.
  Time since last request: 0.904123 seconds.
  path: Assets/Sprites/solar-panels_5005143.png
  artifactKey: Guid(7a5a677e7083a3442948732cac2245a0) Importer(815301076,1909f56bfc062723c751e8b465ee728b)
Start importing Assets/Sprites/solar-panels_5005143.png using Guid(7a5a677e7083a3442948732cac2245a0) Importer(815301076,1909f56bfc062723c751e8b465ee728b)  -> (artifact id: 'd5ccd0ea526d0b4136f1a94320ef77e1') in 0.028503 seconds 
========================================================================
Received Import Request.
  Time since last request: 1.148092 seconds.
  path: Assets/Prefabs/bean_pink.prefab
  artifactKey: Guid(a4cb29e7d50f91041b867892963b1cf9) Importer(815301076,1909f56bfc062723c751e8b465ee728b)
Start importing Assets/Prefabs/bean_pink.prefab using Guid(a4cb29e7d50f91041b867892963b1cf9) Importer(815301076,1909f56bfc062723c751e8b465ee728b)  -> (artifact id: '2bccd02284a3ef031e82cdb9ed91b41e') in 0.040485 seconds 
========================================================================
Received Import Request.
  Time since last request: 83.724453 seconds.
  path: Assets/Sprites/renewable-energy_11485960.png
  artifactKey: Guid(31d0fc31aac89984da7b67fb78e8c10f) Importer(815301076,1909f56bfc062723c751e8b465ee728b)
Start importing Assets/Sprites/renewable-energy_11485960.png using Guid(31d0fc31aac89984da7b67fb78e8c10f) Importer(815301076,1909f56bfc062723c751e8b465ee728b)  -> (artifact id: '97043bfd3dbd596e797b7dc79a2d3cba') in 0.052426 seconds 
========================================================================
Received Import Request.
  Time since last request: 1.581102 seconds.
  path: Assets/Prefabs/bean_orange.prefab
  artifactKey: Guid(1cfccd74339afd54c8eea25deb0e8aae) Importer(815301076,1909f56bfc062723c751e8b465ee728b)
Start importing Assets/Prefabs/bean_orange.prefab using Guid(1cfccd74339afd54c8eea25deb0e8aae) Importer(815301076,1909f56bfc062723c751e8b465ee728b)  -> (artifact id: '145a5fc171c98d834951b3a82f169067') in 0.038522 seconds 
========================================================================
Received Import Request.
  Time since last request: 33.512206 seconds.
  path: Assets/Sprites/recycle-bin_10104446.png
  artifactKey: Guid(afcc3ad5d85a67842aeb605f2e8f7799) Importer(815301076,1909f56bfc062723c751e8b465ee728b)
Start importing Assets/Sprites/recycle-bin_10104446.png using Guid(afcc3ad5d85a67842aeb605f2e8f7799) Importer(815301076,1909f56bfc062723c751e8b465ee728b)  -> (artifact id: '1cd6e1bfa547b07292e4fea685b13f79') in 0.029901 seconds 
========================================================================
Received Import Request.
  Time since last request: 1.333112 seconds.
  path: Assets/Prefabs/bean_green.prefab
  artifactKey: Guid(55a0b063029169245b7743f43014b9d5) Importer(815301076,1909f56bfc062723c751e8b465ee728b)
Start importing Assets/Prefabs/bean_green.prefab using Guid(55a0b063029169245b7743f43014b9d5) Importer(815301076,1909f56bfc062723c751e8b465ee728b)  -> (artifact id: 'ab2faeee25031242b7ab6385187c1669') in 0.052125 seconds 
========================================================================
Received Import Request.
  Time since last request: 119.115891 seconds.
  path: Packages/com.unity.collab-proxy/Editor/PlasticSCM/Assets/Images/notondisk.png
  artifactKey: Guid(b205f4b28f59dda49af458b35d8a3ff3) Importer(815301076,1909f56bfc062723c751e8b465ee728b)
Start importing Packages/com.unity.collab-proxy/Editor/PlasticSCM/Assets/Images/notondisk.png using Guid(b205f4b28f59dda49af458b35d8a3ff3) Importer(815301076,1909f56bfc062723c751e8b465ee728b)  -> (artifact id: '47c6df314634235aafe23bae366c0afe') in 0.121365 seconds 
========================================================================
Received Import Request.
  Time since last request: 0.000047 seconds.
  path: Packages/com.unity.collab-proxy/Editor/PlasticSCM/Assets/Images/refresh@2x.png
  artifactKey: Guid(59571f82a0dc1a14da606dc0df6f8ea7) Importer(815301076,1909f56bfc062723c751e8b465ee728b)
Start importing Packages/com.unity.collab-proxy/Editor/PlasticSCM/Assets/Images/refresh@2x.png using Guid(59571f82a0dc1a14da606dc0df6f8ea7) Importer(815301076,1909f56bfc062723c751e8b465ee728b)  -> (artifact id: '2a94160e21f81de6b1b013a73aa0945a') in 0.095317 seconds 
========================================================================
Received Import Request.
  Time since last request: 0.000039 seconds.
  path: Packages/com.unity.collab-proxy/Editor/PlasticSCM/Assets/Images/refresh.png
  artifactKey: Guid(6f6a4c6bd7cdc654d9d91f7de72afcb6) Importer(815301076,1909f56bfc062723c751e8b465ee728b)
Start importing Packages/com.unity.collab-proxy/Editor/PlasticSCM/Assets/Images/refresh.png using Guid(6f6a4c6bd7cdc654d9d91f7de72afcb6) Importer(815301076,1909f56bfc062723c751e8b465ee728b)  -> (artifact id: 'b8429c05656730a45a11af6fdafc1252') in 0.111002 seconds 
========================================================================
Received Import Request.
  Time since last request: 6.464232 seconds.
  path: Assets/Prefabs/bean_purple.prefab
  artifactKey: Guid(afa6b0eba9a9e794080048baed797d27) Importer(815301076,1909f56bfc062723c751e8b465ee728b)
Start importing Assets/Prefabs/bean_purple.prefab using Guid(afa6b0eba9a9e794080048baed797d27) Importer(815301076,1909f56bfc062723c751e8b465ee728b)  -> (artifact id: 'cd2ac86dd404a34b25ce7a878743e619') in 0.034054 seconds 
========================================================================
Received Import Request.
  Time since last request: 58.838727 seconds.
  path: Assets/Sprites/delivery_10104647.png
  artifactKey: Guid(e9315491ebd872541887d4ac69e69183) Importer(815301076,1909f56bfc062723c751e8b465ee728b)
Start importing Assets/Sprites/delivery_10104647.png using Guid(e9315491ebd872541887d4ac69e69183) Importer(815301076,1909f56bfc062723c751e8b465ee728b)  -> (artifact id: '44388f58b94223bcac7fbf013a62efd2') in 0.040736 seconds 
========================================================================
Received Import Request.
  Time since last request: 10.625832 seconds.
  path: Assets/Prefabs/bean_pink.prefab
  artifactKey: Guid(a4cb29e7d50f91041b867892963b1cf9) Importer(815301076,1909f56bfc062723c751e8b465ee728b)
Start importing Assets/Prefabs/bean_pink.prefab using Guid(a4cb29e7d50f91041b867892963b1cf9) Importer(815301076,1909f56bfc062723c751e8b465ee728b)  -> (artifact id: 'cc28fa11e9e1adeaec60ec2163271893') in 0.037571 seconds 
========================================================================
Received Import Request.
  Time since last request: 16.659118 seconds.
  path: Packages/com.unity.collab-proxy/Editor/PlasticSCM/Assets/Images/iconaddedoverlay@2x.png
  artifactKey: Guid(74ef721fef79c44489d4e3edb0ab0c01) Importer(815301076,1909f56bfc062723c751e8b465ee728b)
Start importing Packages/com.unity.collab-proxy/Editor/PlasticSCM/Assets/Images/iconaddedoverlay@2x.png using Guid(74ef721fef79c44489d4e3edb0ab0c01) Importer(815301076,1909f56bfc062723c751e8b465ee728b)  -> (artifact id: 'b2a71c76e605145042914b75100b83d0') in 0.091017 seconds 
========================================================================
Received Import Request.
  Time since last request: 0.000034 seconds.
  path: Packages/com.unity.collab-proxy/Editor/PlasticSCM/Assets/Images/icondeletedremote@2x.png
  artifactKey: Guid(70e3ce8ad01f39248a3ea97a35bcf238) Importer(815301076,1909f56bfc062723c751e8b465ee728b)
Start importing Packages/com.unity.collab-proxy/Editor/PlasticSCM/Assets/Images/icondeletedremote@2x.png using Guid(70e3ce8ad01f39248a3ea97a35bcf238) Importer(815301076,1909f56bfc062723c751e8b465ee728b)  -> (artifact id: '312eb3d3bee57cb8367aaa9bf135fef7') in 0.073776 seconds 
========================================================================
Received Import Request.
  Time since last request: 0.000050 seconds.
  path: Packages/com.unity.collab-proxy/Editor/PlasticSCM/Assets/Images/icondeletedremoteoverlay@2x.png
  artifactKey: Guid(d5c3277b1dbad9448b46c2ec87a2cef8) Importer(815301076,1909f56bfc062723c751e8b465ee728b)
Start importing Packages/com.unity.collab-proxy/Editor/PlasticSCM/Assets/Images/icondeletedremoteoverlay@2x.png using Guid(d5c3277b1dbad9448b46c2ec87a2cef8) Importer(815301076,1909f56bfc062723c751e8b465ee728b)  -> (artifact id: '03eb1841c6c081d7ab01661c7252ad54') in 0.079976 seconds 
========================================================================
Received Import Request.
  Time since last request: 0.000042 seconds.
  path: Packages/com.unity.collab-proxy/Editor/PlasticSCM/Assets/Images/icondeletedlocaloverlay@2x.png
  artifactKey: Guid(a3e491f99ea3ad74f8731ca93e84c497) Importer(815301076,1909f56bfc062723c751e8b465ee728b)
Start importing Packages/com.unity.collab-proxy/Editor/PlasticSCM/Assets/Images/icondeletedlocaloverlay@2x.png using Guid(a3e491f99ea3ad74f8731ca93e84c497) Importer(815301076,1909f56bfc062723c751e8b465ee728b)  -> (artifact id: 'a362279fcf10edaa2866902998d8282e') in 0.061304 seconds 
========================================================================
Received Import Request.
  Time since last request: 0.000031 seconds.
  path: Packages/com.unity.collab-proxy/Editor/PlasticSCM/Assets/Images/icondeletedremote.png
  artifactKey: Guid(b85a4b2ec6433d04895612d791edc260) Importer(815301076,1909f56bfc062723c751e8b465ee728b)
Start importing Packages/com.unity.collab-proxy/Editor/PlasticSCM/Assets/Images/icondeletedremote.png using Guid(b85a4b2ec6433d04895612d791edc260) Importer(815301076,1909f56bfc062723c751e8b465ee728b)  -> (artifact id: '012d925b4e14304beb38350cf12b997a') in 0.064300 seconds 
========================================================================
Received Import Request.
  Time since last request: 1.947873 seconds.
  path: Assets/Prefabs/bean_blue.prefab
  artifactKey: Guid(110002167b804ad47947089afdb9dc96) Importer(815301076,1909f56bfc062723c751e8b465ee728b)
Start importing Assets/Prefabs/bean_blue.prefab using Guid(110002167b804ad47947089afdb9dc96) Importer(815301076,1909f56bfc062723c751e8b465ee728b)  -> (artifact id: '4f5519301d6b4ea34d925eaf065f6c86') in 0.043771 seconds 
========================================================================
Received Import Request.
  Time since last request: 19.225492 seconds.
  path: Packages/com.unity.collab-proxy/Editor/PlasticSCM/Assets/Images/d_stevejobsbuhochristmas.png
  artifactKey: Guid(08c91a7677e66844281a99aaf6ea36f1) Importer(815301076,1909f56bfc062723c751e8b465ee728b)
Start importing Packages/com.unity.collab-proxy/Editor/PlasticSCM/Assets/Images/d_stevejobsbuhochristmas.png using Guid(08c91a7677e66844281a99aaf6ea36f1) Importer(815301076,1909f56bfc062723c751e8b465ee728b)  -> (artifact id: 'ffe3c9db2ded500cdd6cf74c7f3371b7') in 0.123682 seconds 
========================================================================
Received Import Request.
  Time since last request: 0.851646 seconds.
  path: Packages/com.unity.collab-proxy/Editor/PlasticSCM/Assets/Images/ignoredoverlay@2x.png
  artifactKey: Guid(999d04c0ea94ccc41b3d80788160695b) Importer(815301076,1909f56bfc062723c751e8b465ee728b)
Start importing Packages/com.unity.collab-proxy/Editor/PlasticSCM/Assets/Images/ignoredoverlay@2x.png using Guid(999d04c0ea94ccc41b3d80788160695b) Importer(815301076,1909f56bfc062723c751e8b465ee728b)  -> (artifact id: '8205d21e579802cc96f7541a5c06c6a5') in 0.140954 seconds 
========================================================================
Received Import Request.
  Time since last request: 31.141589 seconds.
  path: Assets/Sprites/agreement_9320743.png
  artifactKey: Guid(24b6ca5c5ecb7ba47b7f8abdfd6ab46a) Importer(815301076,1909f56bfc062723c751e8b465ee728b)
Start importing Assets/Sprites/agreement_9320743.png using Guid(24b6ca5c5ecb7ba47b7f8abdfd6ab46a) Importer(815301076,1909f56bfc062723c751e8b465ee728b)  -> (artifact id: 'd42a9dd0d08fa8856e47d72c4f6e088a') in 0.028776 seconds 
========================================================================
Received Import Request.
  Time since last request: 1.040873 seconds.
  path: Assets/Prefabs/bean_pink.prefab
  artifactKey: Guid(a4cb29e7d50f91041b867892963b1cf9) Importer(815301076,1909f56bfc062723c751e8b465ee728b)
Start importing Assets/Prefabs/bean_pink.prefab using Guid(a4cb29e7d50f91041b867892963b1cf9) Importer(815301076,1909f56bfc062723c751e8b465ee728b)  -> (artifact id: 'f6ac0bc585fd151003e0946ef952a55d') in 0.036116 seconds 
========================================================================
Received Prepare
Registering precompiled user dll's ...
Registered in 0.017355 seconds.
Begin MonoManager ReloadAssembly
Symbol file LoadedFromMemory doesn't match image C:\Users\askan\Downloads\ALL GAMES HERE\EarthlyCrush_09\Earthly-Crush-master\Library\PackageCache\com.unity.visualscripting@1.8.0\Editor\VisualScripting.Core\Dependencies\YamlDotNet\Unity.VisualScripting.YamlDotNet.dll
Symbol file LoadedFromMemory doesn't match image C:\Users\askan\Downloads\ALL GAMES HERE\EarthlyCrush_09\Earthly-Crush-master\Library\PackageCache\com.unity.visualscripting@1.8.0\Editor\VisualScripting.Core\Dependencies\DotNetZip\Unity.VisualScripting.IonicZip.dll
Native extension for WindowsStandalone target not found
Refreshing native plugins compatible for Editor in 0.99 ms, found 3 plugins.
Preloading 0 native plugins for Editor in 0.00 ms.
Mono: successfully reloaded assembly
- Completed reload, in  3.063 seconds
Domain Reload Profiling:
	ReloadAssembly (3064ms)
		BeginReloadAssembly (343ms)
			ExecutionOrderSort (0ms)
			DisableScriptedObjects (14ms)
			BackupInstance (0ms)
			ReleaseScriptingObjects (0ms)
			CreateAndSetChildDomain (87ms)
		EndReloadAssembly (2107ms)
			LoadAssemblies (233ms)
			RebuildTransferFunctionScriptingTraits (0ms)
			SetupTypeCache (641ms)
			ReleaseScriptCaches (2ms)
			RebuildScriptCaches (84ms)
			SetupLoadedEditorAssemblies (1079ms)
				LogAssemblyErrors (0ms)
				InitializePlatformSupportModulesInManaged (28ms)
				SetLoadedEditorAssemblies (1ms)
				RefreshPlugins (1ms)
				BeforeProcessingInitializeOnLoad (124ms)
				ProcessInitializeOnLoadAttributes (842ms)
				ProcessInitializeOnLoadMethodAttributes (58ms)
				AfterProcessingInitializeOnLoad (24ms)
				EditorAssembliesLoaded (0ms)
			ExecutionOrderSort2 (0ms)
			AwakeInstancesAfterBackupRestoration (15ms)
Platform modules already initialized, skipping
Refreshing native plugins compatible for Editor in 4.96 ms, found 3 plugins.
Preloading 0 native plugins for Editor in 0.00 ms.
Unloading 2970 Unused Serialized files (Serialized files now loaded: 0)
Unloading 16 unused Assets / (24.8 KB). Loaded Objects now: 3472.
Memory consumption went from 109.8 MB to 109.8 MB.
Total: 8.011900 ms (FindLiveObjects: 1.007800 ms CreateObjectMapping: 0.462700 ms MarkObjects: 6.501500 ms  DeleteObjects: 0.037800 ms)

AssetImportParameters requested are different than current active one (requested -> active):
  custom:video-decoder-ogg-theora: a1e56fd34408186e4bbccfd4996cb3dc -> 
  custom:container-muxer-webm: aa71ff27fc2769a1b78a27578f13a17b -> 
  custom:container-demuxer-webm: 4f35f7cbe854078d1ac9338744f61a02 -> 
  custom:video-encoder-webm-vp8: eb34c28f22e8b96e1ab97ce403110664 -> 
  custom:audio-encoder-webm-vorbis: bf7c407c2cedff20999df2af8eb42d56 -> 
  custom:framework-win-MediaFoundation: 216162199b28c13a410421893ffa2e32 -> 
  custom:container-demuxer-ogg: 62fdf1f143b41e24485cea50d1cbac27 -> 
  custom:video-decoder-webm-vp8: 9c59270c3fd7afecdb556c50c9e8de78 -> 
  custom:audio-decoder-ogg-vorbis: bf7c407c2cedff20999df2af8eb42d56 -> 
========================================================================
Received Import Request.
  Time since last request: 70.661284 seconds.
  path: Assets/Sounds/053---happy-hour.mp3
  artifactKey: Guid(deda2d337a31f6f49a7fb7b091836e62) Importer(815301076,1909f56bfc062723c751e8b465ee728b)
Start importing Assets/Sounds/053---happy-hour.mp3 using Guid(deda2d337a31f6f49a7fb7b091836e62) Importer(815301076,1909f56bfc062723c751e8b465ee728b)  -> (artifact id: 'c4920aad5c0a745931ccdf532d21c5be') in 0.229247 seconds 
========================================================================
Received Prepare
Registering precompiled user dll's ...
Registered in 0.011649 seconds.
Begin MonoManager ReloadAssembly
Symbol file LoadedFromMemory doesn't match image C:\Users\askan\Downloads\ALL GAMES HERE\EarthlyCrush_09\Earthly-Crush-master\Library\PackageCache\com.unity.visualscripting@1.8.0\Editor\VisualScripting.Core\Dependencies\YamlDotNet\Unity.VisualScripting.YamlDotNet.dll
Symbol file LoadedFromMemory doesn't match image C:\Users\askan\Downloads\ALL GAMES HERE\EarthlyCrush_09\Earthly-Crush-master\Library\PackageCache\com.unity.visualscripting@1.8.0\Editor\VisualScripting.Core\Dependencies\DotNetZip\Unity.VisualScripting.IonicZip.dll
Native extension for WindowsStandalone target not found
Refreshing native plugins compatible for Editor in 1.79 ms, found 3 plugins.
Preloading 0 native plugins for Editor in 0.00 ms.
Mono: successfully reloaded assembly
- Completed reload, in  3.302 seconds
Domain Reload Profiling:
	ReloadAssembly (3304ms)
		BeginReloadAssembly (271ms)
			ExecutionOrderSort (0ms)
			DisableScriptedObjects (16ms)
			BackupInstance (0ms)
			ReleaseScriptingObjects (0ms)
			CreateAndSetChildDomain (59ms)
		EndReloadAssembly (2808ms)
			LoadAssemblies (182ms)
			RebuildTransferFunctionScriptingTraits (0ms)
			SetupTypeCache (843ms)
			ReleaseScriptCaches (7ms)
			RebuildScriptCaches (201ms)
			SetupLoadedEditorAssemblies (1321ms)
				LogAssemblyErrors (0ms)
				InitializePlatformSupportModulesInManaged (43ms)
				SetLoadedEditorAssemblies (2ms)
				RefreshPlugins (2ms)
				BeforeProcessingInitializeOnLoad (240ms)
				ProcessInitializeOnLoadAttributes (873ms)
				ProcessInitializeOnLoadMethodAttributes (109ms)
				AfterProcessingInitializeOnLoad (50ms)
				EditorAssembliesLoaded (0ms)
			ExecutionOrderSort2 (0ms)
			AwakeInstancesAfterBackupRestoration (26ms)
Platform modules already initialized, skipping
Refreshing native plugins compatible for Editor in 46.97 ms, found 3 plugins.
Preloading 0 native plugins for Editor in 0.00 ms.
Unloading 2970 Unused Serialized files (Serialized files now loaded: 0)
Unloading 16 unused Assets / (24.8 KB). Loaded Objects now: 3477.
Memory consumption went from 109.9 MB to 109.9 MB.
Total: 18.231400 ms (FindLiveObjects: 0.878100 ms CreateObjectMapping: 0.798000 ms MarkObjects: 16.497300 ms  DeleteObjects: 0.055500 ms)

AssetImportParameters requested are different than current active one (requested -> active):
  custom:video-decoder-ogg-theora: a1e56fd34408186e4bbccfd4996cb3dc -> 
  custom:container-muxer-webm: aa71ff27fc2769a1b78a27578f13a17b -> 
  custom:container-demuxer-webm: 4f35f7cbe854078d1ac9338744f61a02 -> 
  custom:video-encoder-webm-vp8: eb34c28f22e8b96e1ab97ce403110664 -> 
  custom:audio-encoder-webm-vorbis: bf7c407c2cedff20999df2af8eb42d56 -> 
  custom:framework-win-MediaFoundation: 216162199b28c13a410421893ffa2e32 -> 
  custom:container-demuxer-ogg: 62fdf1f143b41e24485cea50d1cbac27 -> 
  custom:video-decoder-webm-vp8: 9c59270c3fd7afecdb556c50c9e8de78 -> 
  custom:audio-decoder-ogg-vorbis: bf7c407c2cedff20999df2af8eb42d56 -> 
========================================================================
Received Import Request.
  Time since last request: 421.471804 seconds.
  path: Packages/com.unity.collab-proxy/Editor/PlasticSCM/Assets/Images/stepok@2x.png
  artifactKey: Guid(be340a165cb9c8d4cb50f1deeb51d4ea) Importer(815301076,1909f56bfc062723c751e8b465ee728b)
Start importing Packages/com.unity.collab-proxy/Editor/PlasticSCM/Assets/Images/stepok@2x.png using Guid(be340a165cb9c8d4cb50f1deeb51d4ea) Importer(815301076,1909f56bfc062723c751e8b465ee728b)  -> (artifact id: '1b4150ef66fd5dea3f7e987803960411') in 0.161484 seconds 
========================================================================
Received Import Request.
  Time since last request: 1.415065 seconds.
  path: Assets/Sprites/naturesaved.png
  artifactKey: Guid(e649ba617a86d774bb57da9247b0c1fe) Importer(815301076,1909f56bfc062723c751e8b465ee728b)
Start importing Assets/Sprites/naturesaved.png using Guid(e649ba617a86d774bb57da9247b0c1fe) Importer(815301076,1909f56bfc062723c751e8b465ee728b)  -> (artifact id: '109803a34f45a24eb4f2ceba5d8b6538') in 0.030658 seconds 
========================================================================
Received Import Request.
  Time since last request: 1.155258 seconds.
  path: Assets/Prefabs/swirl_orange.prefab
  artifactKey: Guid(c9cde8189605ee449bcc97b998147d85) Importer(815301076,1909f56bfc062723c751e8b465ee728b)
Start importing Assets/Prefabs/swirl_orange.prefab using Guid(c9cde8189605ee449bcc97b998147d85) Importer(815301076,1909f56bfc062723c751e8b465ee728b)  -> (artifact id: '9774d901c376034560f03f10c1f400c3') in 0.067372 seconds 
========================================================================
Received Import Request.
  Time since last request: 54.120923 seconds.
  path: Assets/Sprites/BINSAVED.png
  artifactKey: Guid(1b6ced31793f103479a9b1a957106669) Importer(815301076,1909f56bfc062723c751e8b465ee728b)
Start importing Assets/Sprites/BINSAVED.png using Guid(1b6ced31793f103479a9b1a957106669) Importer(815301076,1909f56bfc062723c751e8b465ee728b)  -> (artifact id: 'a3d8b786b0fad840afc49d969747f046') in 0.040293 seconds 
========================================================================
Received Import Request.
  Time since last request: 6.464154 seconds.
  path: Packages/com.unity.collab-proxy/Editor/PlasticSCM/Assets/Images/stepok.png
  artifactKey: Guid(d4780dc1205c7c7478c970d8c61d24e8) Importer(815301076,1909f56bfc062723c751e8b465ee728b)
Start importing Packages/com.unity.collab-proxy/Editor/PlasticSCM/Assets/Images/stepok.png using Guid(d4780dc1205c7c7478c970d8c61d24e8) Importer(815301076,1909f56bfc062723c751e8b465ee728b)  -> (artifact id: '8359fd8cf2b5784210ee8bf1126166d5') in 0.087029 seconds 
========================================================================
Received Import Request.
  Time since last request: 3.452958 seconds.
  path: Assets/Prefabs/swirl_green.prefab
  artifactKey: Guid(ddfddbe43693aa54c94149217791f7bd) Importer(815301076,1909f56bfc062723c751e8b465ee728b)
Start importing Assets/Prefabs/swirl_green.prefab using Guid(ddfddbe43693aa54c94149217791f7bd) Importer(815301076,1909f56bfc062723c751e8b465ee728b)  -> (artifact id: 'aca42283c9ddb502a883c16f99cf5329') in 0.033968 seconds 
========================================================================
Received Import Request.
  Time since last request: 73.308761 seconds.
  path: Packages/com.unity.collab-proxy/Editor/PlasticSCM/Assets/Images/step3@2x.png
  artifactKey: Guid(36e6970b84831434a9eac79abd03700b) Importer(815301076,1909f56bfc062723c751e8b465ee728b)
Start importing Packages/com.unity.collab-proxy/Editor/PlasticSCM/Assets/Images/step3@2x.png using Guid(36e6970b84831434a9eac79abd03700b) Importer(815301076,1909f56bfc062723c751e8b465ee728b)  -> (artifact id: '8213aeac35909fec60d06b365653b798') in 0.068743 seconds 
========================================================================
Received Import Request.
  Time since last request: 1.408673 seconds.
  path: Assets/Sprites/DELIVIRYSAVED.png
  artifactKey: Guid(877eb8693c0bede4b97e7b32530a68d2) Importer(815301076,1909f56bfc062723c751e8b465ee728b)
Start importing Assets/Sprites/DELIVIRYSAVED.png using Guid(877eb8693c0bede4b97e7b32530a68d2) Importer(815301076,1909f56bfc062723c751e8b465ee728b)  -> (artifact id: '33b69fdcea6ca00b17ad3c64cce0d605') in 0.034012 seconds 
========================================================================
Received Import Request.
  Time since last request: 1.403844 seconds.
  path: Assets/Prefabs/swirl_blue.prefab
  artifactKey: Guid(0cffe7839950f2d4c8ec4e7f3e18e4c6) Importer(815301076,1909f56bfc062723c751e8b465ee728b)
Start importing Assets/Prefabs/swirl_blue.prefab using Guid(0cffe7839950f2d4c8ec4e7f3e18e4c6) Importer(815301076,1909f56bfc062723c751e8b465ee728b)  -> (artifact id: '455c4ed94bff61e764ce6c1c779d1946') in 0.043476 seconds 
========================================================================
Received Import Request.
  Time since last request: 113.353478 seconds.
  path: Assets/Sprites/AGREEMENTSAVED.png
  artifactKey: Guid(9d6878edf0ca82844bd6d34f9c9faa85) Importer(815301076,1909f56bfc062723c751e8b465ee728b)
Start importing Assets/Sprites/AGREEMENTSAVED.png using Guid(9d6878edf0ca82844bd6d34f9c9faa85) Importer(815301076,1909f56bfc062723c751e8b465ee728b)  -> (artifact id: '88590cdd2003c422503b1099815affd5') in 0.032742 seconds 
========================================================================
Received Import Request.
  Time since last request: 1.457576 seconds.
  path: Assets/Prefabs/swirl_pink.prefab
  artifactKey: Guid(11cb4356a18183c48b07164222227d2b) Importer(815301076,1909f56bfc062723c751e8b465ee728b)
Start importing Assets/Prefabs/swirl_pink.prefab using Guid(11cb4356a18183c48b07164222227d2b) Importer(815301076,1909f56bfc062723c751e8b465ee728b)  -> (artifact id: 'd024b826a64556300a0985730b3428d5') in 0.036460 seconds 
========================================================================
Received Import Request.
  Time since last request: 70.003198 seconds.
  path: Assets/Sprites/SOLARSAVED.png
  artifactKey: Guid(8bcdb87cbb2bde9438675dcee07f533f) Importer(815301076,1909f56bfc062723c751e8b465ee728b)
Start importing Assets/Sprites/SOLARSAVED.png using Guid(8bcdb87cbb2bde9438675dcee07f533f) Importer(815301076,1909f56bfc062723c751e8b465ee728b)  -> (artifact id: '81206d986a0fc39bbbac5a18aec779a0') in 0.030151 seconds 
========================================================================
Received Import Request.
  Time since last request: 1.353126 seconds.
  path: Assets/Prefabs/swirl_purple.prefab
  artifactKey: Guid(19c708ee61002454eb4c54c029ce0eaf) Importer(815301076,1909f56bfc062723c751e8b465ee728b)
Start importing Assets/Prefabs/swirl_purple.prefab using Guid(19c708ee61002454eb4c54c029ce0eaf) Importer(815301076,1909f56bfc062723c751e8b465ee728b)  -> (artifact id: 'c1fedb090b1129a911d3fcc9e05ba412') in 0.038157 seconds 
========================================================================
Received Prepare
Registering precompiled user dll's ...
Registered in 0.013983 seconds.
Begin MonoManager ReloadAssembly
Symbol file LoadedFromMemory doesn't match image C:\Users\askan\Downloads\ALL GAMES HERE\EarthlyCrush_09\Earthly-Crush-master\Library\PackageCache\com.unity.visualscripting@1.8.0\Editor\VisualScripting.Core\Dependencies\YamlDotNet\Unity.VisualScripting.YamlDotNet.dll
Symbol file LoadedFromMemory doesn't match image C:\Users\askan\Downloads\ALL GAMES HERE\EarthlyCrush_09\Earthly-Crush-master\Library\PackageCache\com.unity.visualscripting@1.8.0\Editor\VisualScripting.Core\Dependencies\DotNetZip\Unity.VisualScripting.IonicZip.dll
Native extension for WindowsStandalone target not found
Refreshing native plugins compatible for Editor in 2.43 ms, found 3 plugins.
Preloading 0 native plugins for Editor in 0.00 ms.
Mono: successfully reloaded assembly
- Completed reload, in  3.601 seconds
Domain Reload Profiling:
	ReloadAssembly (3604ms)
		BeginReloadAssembly (271ms)
			ExecutionOrderSort (0ms)
			DisableScriptedObjects (10ms)
			BackupInstance (0ms)
			ReleaseScriptingObjects (0ms)
			CreateAndSetChildDomain (66ms)
		EndReloadAssembly (3043ms)
			LoadAssemblies (277ms)
			RebuildTransferFunctionScriptingTraits (0ms)
			SetupTypeCache (955ms)
			ReleaseScriptCaches (4ms)
			RebuildScriptCaches (181ms)
			SetupLoadedEditorAssemblies (1333ms)
				LogAssemblyErrors (0ms)
				InitializePlatformSupportModulesInManaged (55ms)
				SetLoadedEditorAssemblies (2ms)
				RefreshPlugins (3ms)
				BeforeProcessingInitializeOnLoad (254ms)
				ProcessInitializeOnLoadAttributes (889ms)
				ProcessInitializeOnLoadMethodAttributes (93ms)
				AfterProcessingInitializeOnLoad (36ms)
				EditorAssembliesLoaded (1ms)
			ExecutionOrderSort2 (0ms)
			AwakeInstancesAfterBackupRestoration (29ms)
Platform modules already initialized, skipping
Refreshing native plugins compatible for Editor in 11.38 ms, found 3 plugins.
Preloading 0 native plugins for Editor in 0.00 ms.
Unloading 2970 Unused Serialized files (Serialized files now loaded: 0)
Unloading 16 unused Assets / (24.9 KB). Loaded Objects now: 3484.
Memory consumption went from 109.9 MB to 109.9 MB.
Total: 13.929700 ms (FindLiveObjects: 0.621100 ms CreateObjectMapping: 0.556900 ms MarkObjects: 12.684000 ms  DeleteObjects: 0.065000 ms)

AssetImportParameters requested are different than current active one (requested -> active):
  custom:video-decoder-ogg-theora: a1e56fd34408186e4bbccfd4996cb3dc -> 
  custom:container-muxer-webm: aa71ff27fc2769a1b78a27578f13a17b -> 
  custom:container-demuxer-webm: 4f35f7cbe854078d1ac9338744f61a02 -> 
  custom:video-encoder-webm-vp8: eb34c28f22e8b96e1ab97ce403110664 -> 
  custom:audio-encoder-webm-vorbis: bf7c407c2cedff20999df2af8eb42d56 -> 
  custom:framework-win-MediaFoundation: 216162199b28c13a410421893ffa2e32 -> 
  custom:container-demuxer-ogg: 62fdf1f143b41e24485cea50d1cbac27 -> 
  custom:video-decoder-webm-vp8: 9c59270c3fd7afecdb556c50c9e8de78 -> 
  custom:audio-decoder-ogg-vorbis: bf7c407c2cedff20999df2af8eb42d56 -> 
========================================================================
Received Prepare
Registering precompiled user dll's ...
Registered in 0.254647 seconds.
Begin MonoManager ReloadAssembly
Symbol file LoadedFromMemory doesn't match image C:\Users\askan\Downloads\ALL GAMES HERE\EarthlyCrush_09\Earthly-Crush-master\Library\PackageCache\com.unity.visualscripting@1.8.0\Editor\VisualScripting.Core\Dependencies\YamlDotNet\Unity.VisualScripting.YamlDotNet.dll
Symbol file LoadedFromMemory doesn't match image C:\Users\askan\Downloads\ALL GAMES HERE\EarthlyCrush_09\Earthly-Crush-master\Library\PackageCache\com.unity.visualscripting@1.8.0\Editor\VisualScripting.Core\Dependencies\DotNetZip\Unity.VisualScripting.IonicZip.dll
Native extension for WindowsStandalone target not found
Refreshing native plugins compatible for Editor in 1.06 ms, found 3 plugins.
Preloading 0 native plugins for Editor in 0.00 ms.
Mono: successfully reloaded assembly
- Completed reload, in  9.182 seconds
Domain Reload Profiling:
	ReloadAssembly (9190ms)
		BeginReloadAssembly (3617ms)
			ExecutionOrderSort (0ms)
			DisableScriptedObjects (264ms)
			BackupInstance (0ms)
			ReleaseScriptingObjects (0ms)
			CreateAndSetChildDomain (737ms)
		EndReloadAssembly (3793ms)
			LoadAssemblies (2127ms)
			RebuildTransferFunctionScriptingTraits (0ms)
			SetupTypeCache (1298ms)
			ReleaseScriptCaches (2ms)
			RebuildScriptCaches (236ms)
			SetupLoadedEditorAssemblies (1634ms)
				LogAssemblyErrors (0ms)
				InitializePlatformSupportModulesInManaged (69ms)
				SetLoadedEditorAssemblies (2ms)
				RefreshPlugins (1ms)
				BeforeProcessingInitializeOnLoad (454ms)
				ProcessInitializeOnLoadAttributes (952ms)
				ProcessInitializeOnLoadMethodAttributes (116ms)
				AfterProcessingInitializeOnLoad (40ms)
				EditorAssembliesLoaded (0ms)
			ExecutionOrderSort2 (0ms)
			AwakeInstancesAfterBackupRestoration (52ms)
Platform modules already initialized, skipping
Refreshing native plugins compatible for Editor in 4.66 ms, found 3 plugins.
Preloading 0 native plugins for Editor in 0.00 ms.
Unloading 2970 Unused Serialized files (Serialized files now loaded: 0)
Unloading 16 unused Assets / (24.9 KB). Loaded Objects now: 3487.
Memory consumption went from 109.9 MB to 109.9 MB.
Total: 24.199900 ms (FindLiveObjects: 0.557700 ms CreateObjectMapping: 0.332600 ms MarkObjects: 23.261400 ms  DeleteObjects: 0.046200 ms)

AssetImportParameters requested are different than current active one (requested -> active):
  custom:video-decoder-ogg-theora: a1e56fd34408186e4bbccfd4996cb3dc -> 
  custom:container-muxer-webm: aa71ff27fc2769a1b78a27578f13a17b -> 
  custom:container-demuxer-webm: 4f35f7cbe854078d1ac9338744f61a02 -> 
  custom:video-encoder-webm-vp8: eb34c28f22e8b96e1ab97ce403110664 -> 
  custom:audio-encoder-webm-vorbis: bf7c407c2cedff20999df2af8eb42d56 -> 
  custom:framework-win-MediaFoundation: 216162199b28c13a410421893ffa2e32 -> 
  custom:container-demuxer-ogg: 62fdf1f143b41e24485cea50d1cbac27 -> 
  custom:video-decoder-webm-vp8: 9c59270c3fd7afecdb556c50c9e8de78 -> 
  custom:audio-decoder-ogg-vorbis: bf7c407c2cedff20999df2af8eb42d56 -> 
